#
# There is insufficient memory for the Java Runtime Environment to continue.
# Native memory allocation (malloc) failed to allocate 184416 bytes for Chunk::new
# Possible reasons:
#   The system is out of physical RAM or swap space
#   In 32 bit mode, the process size limit was hit
# Possible solutions:
#   Reduce memory load on the system
#   Increase physical memory or swap space
#   Check if swap backing store is full
#   Use 64 bit Java on a 64 bit OS
#   Decrease Java heap size (-Xmx/-Xms)
#   Decrease number of Java threads
#   Decrease Java thread stack sizes (-Xss)
#   Set larger code cache with -XX:ReservedCodeCacheSize=
# This output file may be truncated or incomplete.
#
#  Out of Memory Error (allocation.cpp:390), pid=12588, tid=0x0000000000000f44
#
# JRE version: Java(TM) SE Runtime Environment (8.0_111-b14) (build 1.8.0_111-b14)
# Java VM: Java HotSpot(TM) 64-Bit Server VM (25.111-b14 mixed mode windows-amd64 compressed oops)
# Failed to write core dump. Minidumps are not enabled by default on client versions of Windows
#

---------------  T H R E A D  ---------------

Current thread (0x000000001733a800):  JavaThread "C2 CompilerThread0" daemon [_thread_in_native, id=3908, stack(0x00000000183a0000,0x00000000184a0000)]

Stack: [0x00000000183a0000,0x00000000184a0000]
[error occurred during error reporting (printing stack bounds), id 0xc0000005]

Native frames: (J=compiled Java code, j=interpreted, Vv=VM code, C=native code)


Current CompileTask:
C2:  12963  250   !   4       sun.misc.URLClassPath$JarLoader::getResource (85 bytes)


---------------  P R O C E S S  ---------------

Java Threads: ( => current thread )
  0x0000000017396000 JavaThread "Service Thread" daemon [_thread_blocked, id=11508, stack(0x00000000185a0000,0x00000000186a0000)]
  0x0000000017392000 JavaThread "C1 CompilerThread1" daemon [_thread_blocked, id=2496, stack(0x00000000184a0000,0x00000000185a0000)]
=>0x000000001733a800 JavaThread "C2 CompilerThread0" daemon [_thread_in_native, id=3908, stack(0x00000000183a0000,0x00000000184a0000)]
  0x0000000017339000 JavaThread "Attach Listener" daemon [_thread_blocked, id=3104, stack(0x00000000182a0000,0x00000000183a0000)]
  0x0000000017336000 JavaThread "Signal Dispatcher" daemon [_thread_blocked, id=14096, stack(0x00000000181a0000,0x00000000182a0000)]
  0x0000000017328800 JavaThread "Finalizer" daemon [_thread_blocked, id=14500, stack(0x0000000017f80000,0x0000000018080000)]
  0x0000000002e5e000 JavaThread "Reference Handler" daemon [_thread_blocked, id=14124, stack(0x0000000017e80000,0x0000000017f80000)]
  0x0000000002d72800 JavaThread "main" [_thread_in_vm, id=14952, stack(0x0000000002c70000,0x0000000002d70000)]

Other Threads:
  0x0000000017306800 VMThread [stack: 0x0000000017d80000,0x0000000017e80000] [id=5400]
  0x000000001739a800 WatcherThread [stack: 0x0000000018810000,0x0000000018910000] [id=16176]

VM state:not at safepoint (normal execution)

VM Mutex/Monitor currently owned by a thread: None

Heap:
 PSYoungGen      total 3584K, used 1520K [0x00000000d8380000, 0x00000000d8a80000, 0x0000000100000000)
  eden space 3072K, 33% used [0x00000000d8380000,0x00000000d84805c0,0x00000000d8680000)
  from space 512K, 96% used [0x00000000d8680000,0x00000000d86fbc30,0x00000000d8700000)
  to   space 512K, 0% used [0x00000000d8a00000,0x00000000d8a00000,0x00000000d8a80000)
 ParOldGen       total 5632K, used 592K [0x0000000088a00000, 0x0000000088f80000, 0x00000000d8380000)
  object space 5632K, 10% used [0x0000000088a00000,0x0000000088a94348,0x0000000088f80000)
 Metaspace       used 5491K, capacity 6644K, committed 6912K, reserved 1056768K
  class space    used 701K, capacity 752K, committed 768K, reserved 1048576K

Card table byte_map: [0x0000000012230000,0x00000000125f0000] byte_map_base: 0x0000000011deb000

Marking Bits: (ParMarkBitMap*) 0x000000005906a6c0
 Begin Bits: [0x0000000012a70000, 0x0000000014848000)
 End Bits:   [0x0000000014848000, 0x0000000016620000)

Polling page: 0x0000000002b40000

CodeCache: size=245760Kb used=1670Kb max_used=1681Kb free=244089Kb
 bounds [0x0000000002e70000, 0x00000000030e0000, 0x0000000011e70000]
 total_blobs=508 nmethods=249 adapters=173
 compilation: enabled

Compilation events (10 events):
Event: 12.658 Thread 0x0000000017392000 nmethod 245 0x0000000002ffd5d0 code [0x0000000002ffd720, 0x0000000002ffd930]
Event: 12.658 Thread 0x0000000017392000  243   !   3       java.security.SecureClassLoader::getProtectionDomain (114 bytes)
Event: 12.659 Thread 0x0000000017392000 nmethod 243 0x00000000030102d0 code [0x0000000003010480, 0x0000000003010c18]
Event: 12.659 Thread 0x0000000017392000  244       3       java.lang.ClassLoader::defineClass (43 bytes)
Event: 12.662 Thread 0x0000000017392000 nmethod 244 0x0000000003010f50 code [0x0000000003011140, 0x0000000003011d08]
Event: 12.666 Thread 0x000000001733a800  248       4       sun.nio.cs.UTF_8$Encoder::encode (359 bytes)
Event: 12.678 Thread 0x000000001733a800 nmethod 248 0x0000000002ffd0d0 code [0x0000000002ffd220, 0x0000000002ffd458]
Event: 12.679 Thread 0x000000001733a800  249       4       java.lang.String::startsWith (7 bytes)
Event: 12.687 Thread 0x000000001733a800 nmethod 249 0x0000000003015050 code [0x00000000030151a0, 0x0000000003015318]
Event: 12.921 Thread 0x000000001733a800  250   !   4       sun.misc.URLClassPath$JarLoader::getResource (85 bytes)

GC Heap History (6 events):
Event: 6.732 GC heap before
{Heap before GC invocations=1 (full 0):
 PSYoungGen      total 2048K, used 1536K [0x00000000d8380000, 0x00000000d8600000, 0x0000000100000000)
  eden space 1536K, 100% used [0x00000000d8380000,0x00000000d8500000,0x00000000d8500000)
  from space 512K, 0% used [0x00000000d8580000,0x00000000d8580000,0x00000000d8600000)
  to   space 512K, 0% used [0x00000000d8500000,0x00000000d8500000,0x00000000d8580000)
 ParOldGen       total 5632K, used 0K [0x0000000088a00000, 0x0000000088f80000, 0x00000000d8380000)
  object space 5632K, 0% used [0x0000000088a00000,0x0000000088a00000,0x0000000088f80000)
 Metaspace       used 3518K, capacity 4812K, committed 5120K, reserved 1056768K
  class space    used 411K, capacity 456K, committed 512K, reserved 1048576K
Event: 6.858 GC heap after
Heap after GC invocations=1 (full 0):
 PSYoungGen      total 2048K, used 496K [0x00000000d8380000, 0x00000000d8780000, 0x0000000100000000)
  eden space 1536K, 0% used [0x00000000d8380000,0x00000000d8380000,0x00000000d8500000)
  from space 512K, 96% used [0x00000000d8500000,0x00000000d857c010,0x00000000d8580000)
  to   space 512K, 0% used [0x00000000d8700000,0x00000000d8700000,0x00000000d8780000)
 ParOldGen       total 5632K, used 24K [0x0000000088a00000, 0x0000000088f80000, 0x00000000d8380000)
  object space 5632K, 0% used [0x0000000088a00000,0x0000000088a06010,0x0000000088f80000)
 Metaspace       used 3518K, capacity 4812K, committed 5120K, reserved 1056768K
  class space    used 411K, capacity 456K, committed 512K, reserved 1048576K
}
Event: 9.054 GC heap before
{Heap before GC invocations=2 (full 0):
 PSYoungGen      total 2048K, used 2032K [0x00000000d8380000, 0x00000000d8780000, 0x0000000100000000)
  eden space 1536K, 100% used [0x00000000d8380000,0x00000000d8500000,0x00000000d8500000)
  from space 512K, 96% used [0x00000000d8500000,0x00000000d857c010,0x00000000d8580000)
  to   space 512K, 0% used [0x00000000d8700000,0x00000000d8700000,0x00000000d8780000)
 ParOldGen       total 5632K, used 24K [0x0000000088a00000, 0x0000000088f80000, 0x00000000d8380000)
  object space 5632K, 0% used [0x0000000088a00000,0x0000000088a06010,0x0000000088f80000)
 Metaspace       used 4215K, capacity 5392K, committed 5760K, reserved 1056768K
  class space    used 506K, capacity 524K, committed 640K, reserved 1048576K
Event: 9.369 GC heap after
Heap after GC invocations=2 (full 0):
 PSYoungGen      total 3584K, used 512K [0x00000000d8380000, 0x00000000d8780000, 0x0000000100000000)
  eden space 3072K, 0% used [0x00000000d8380000,0x00000000d8380000,0x00000000d8680000)
  from space 512K, 100% used [0x00000000d8700000,0x00000000d8780000,0x00000000d8780000)
  to   space 512K, 0% used [0x00000000d8680000,0x00000000d8680000,0x00000000d8700000)
 ParOldGen       total 5632K, used 72K [0x0000000088a00000, 0x0000000088f80000, 0x00000000d8380000)
  object space 5632K, 1% used [0x0000000088a00000,0x0000000088a12030,0x0000000088f80000)
 Metaspace       used 4215K, capacity 5392K, committed 5760K, reserved 1056768K
  class space    used 506K, capacity 524K, committed 640K, reserved 1048576K
}
Event: 11.834 GC heap before
{Heap before GC invocations=3 (full 0):
 PSYoungGen      total 3584K, used 3467K [0x00000000d8380000, 0x00000000d8780000, 0x0000000100000000)
  eden space 3072K, 96% used [0x00000000d8380000,0x00000000d8662ff0,0x00000000d8680000)
  from space 512K, 100% used [0x00000000d8700000,0x00000000d8780000,0x00000000d8780000)
  to   space 512K, 0% used [0x00000000d8680000,0x00000000d8680000,0x00000000d8700000)
 ParOldGen       total 5632K, used 72K [0x0000000088a00000, 0x0000000088f80000, 0x00000000d8380000)
  object space 5632K, 1% used [0x0000000088a00000,0x0000000088a12030,0x0000000088f80000)
 Metaspace       used 5152K, capacity 6324K, committed 6656K, reserved 1056768K
  class space    used 638K, capacity 688K, committed 768K, reserved 1048576K
Event: 12.015 GC heap after
Heap after GC invocations=3 (full 0):
 PSYoungGen      total 3584K, used 495K [0x00000000d8380000, 0x00000000d8a80000, 0x0000000100000000)
  eden space 3072K, 0% used [0x00000000d8380000,0x00000000d8380000,0x00000000d8680000)
  from space 512K, 96% used [0x00000000d8680000,0x00000000d86fbc30,0x00000000d8700000)
  to   space 512K, 0% used [0x00000000d8a00000,0x00000000d8a00000,0x00000000d8a80000)
 ParOldGen       total 5632K, used 592K [0x0000000088a00000, 0x0000000088f80000, 0x00000000d8380000)
  object space 5632K, 10% used [0x0000000088a00000,0x0000000088a94348,0x0000000088f80000)
 Metaspace       used 5152K, capacity 6324K, committed 6656K, reserved 1056768K
  class space    used 638K, capacity 688K, committed 768K, reserved 1048576K
}

Deoptimization events (0 events):
No events

Internal exceptions (9 events):
Event: 2.630 Thread 0x0000000002d72800 Exception <a 'java/lang/NoSuchMethodError': Method sun.misc.Unsafe.defineClass(Ljava/lang/String;[BII)Ljava/lang/Class; name or signature does not match> (0x00000000d8387cd8) thrown at [C:\re\workspace\8-2-build-windows-amd64-cygwin\jdk8u111\7883\hotspot\
Event: 2.630 Thread 0x0000000002d72800 Exception <a 'java/lang/NoSuchMethodError': Method sun.misc.Unsafe.prefetchRead(Ljava/lang/Object;J)V name or signature does not match> (0x00000000d8387fc0) thrown at [C:\re\workspace\8-2-build-windows-amd64-cygwin\jdk8u111\7883\hotspot\src\share\vm\prims
Event: 4.889 Thread 0x0000000002d72800 Exception <a 'java/io/FileNotFoundException'> (0x00000000d83dd450) thrown at [C:\re\workspace\8-2-build-windows-amd64-cygwin\jdk8u111\7883\hotspot\src\share\vm\prims\jni.cpp, line 709]
Event: 6.715 Thread 0x0000000002d72800 Exception <a 'java/security/PrivilegedActionException'> (0x00000000d84f7808) thrown at [C:\re\workspace\8-2-build-windows-amd64-cygwin\jdk8u111\7883\hotspot\src\share\vm\prims\jvm.cpp, line 1386]
Event: 6.715 Thread 0x0000000002d72800 Exception <a 'java/security/PrivilegedActionException'> (0x00000000d84f7c00) thrown at [C:\re\workspace\8-2-build-windows-amd64-cygwin\jdk8u111\7883\hotspot\src\share\vm\prims\jvm.cpp, line 1386]
Event: 6.722 Thread 0x0000000002d72800 Exception <a 'java/security/PrivilegedActionException'> (0x00000000d84fbcd0) thrown at [C:\re\workspace\8-2-build-windows-amd64-cygwin\jdk8u111\7883\hotspot\src\share\vm\prims\jvm.cpp, line 1386]
Event: 6.722 Thread 0x0000000002d72800 Exception <a 'java/security/PrivilegedActionException'> (0x00000000d84fc118) thrown at [C:\re\workspace\8-2-build-windows-amd64-cygwin\jdk8u111\7883\hotspot\src\share\vm\prims\jvm.cpp, line 1386]
Event: 6.958 Thread 0x0000000002d72800 Exception <a 'java/security/PrivilegedActionException'> (0x00000000d8390938) thrown at [C:\re\workspace\8-2-build-windows-amd64-cygwin\jdk8u111\7883\hotspot\src\share\vm\prims\jvm.cpp, line 1386]
Event: 6.958 Thread 0x0000000002d72800 Exception <a 'java/security/PrivilegedActionException'> (0x00000000d8390d30) thrown at [C:\re\workspace\8-2-build-windows-amd64-cygwin\jdk8u111\7883\hotspot\src\share\vm\prims\jvm.cpp, line 1386]

Events (10 events):
Event: 12.691 loading class com/sun/source/tree/IntersectionTypeTree
Event: 12.691 loading class com/sun/source/tree/IntersectionTypeTree done
Event: 12.692 loading class com/sun/tools/javac/tree/TreeTranslator
Event: 12.692 loading class com/sun/tools/javac/tree/TreeTranslator done
Event: 12.917 loading class com/sun/tools/javac/comp/Attr$4
Event: 12.917 loading class com/sun/tools/javac/comp/Attr$4 done
Event: 12.919 loading class com/sun/tools/javac/comp/Attr$8
Event: 12.919 loading class com/sun/tools/javac/comp/Attr$8 done
Event: 12.920 loading class com/sun/tools/javac/comp/Attr$RecoveryInfo
Event: 12.920 loading class com/sun/tools/javac/comp/Attr$RecoveryInfo done


Dynamic libraries:
0x00007ff659a70000 - 0x00007ff659a77000 	C:\Program Files\Java\jdk1.8.0_111\bin\javac.exe
0x00007ff9843d0000 - 0x00007ff9845c6000 	C:\WINDOWS\SYSTEM32\ntdll.dll
0x00007ff983910000 - 0x00007ff9839cd000 	C:\WINDOWS\System32\KERNEL32.DLL
0x00007ff982100000 - 0x00007ff9823c8000 	C:\WINDOWS\System32\KERNELBASE.dll
0x00000000564f0000 - 0x000000005651f000 	C:\Program Files\Java\jdk1.8.0_111\bin\jli.dll
0x00007ff982560000 - 0x00007ff98260c000 	C:\WINDOWS\System32\ADVAPI32.dll
0x00007ff9831f0000 - 0x00007ff98328e000 	C:\WINDOWS\System32\msvcrt.dll
0x00007ff9842e0000 - 0x00007ff98437b000 	C:\WINDOWS\System32\sechost.dll
0x00007ff9841b0000 - 0x00007ff9842d4000 	C:\WINDOWS\System32\RPCRT4.dll
0x00007ff983a50000 - 0x00007ff983bf0000 	C:\WINDOWS\System32\USER32.dll
0x00007ff982080000 - 0x00007ff9820a2000 	C:\WINDOWS\System32\win32u.dll
0x00007ff982530000 - 0x00007ff98255a000 	C:\WINDOWS\System32\GDI32.dll
0x00007ff981c00000 - 0x00007ff981d09000 	C:\WINDOWS\System32\gdi32full.dll
0x00007ff9823d0000 - 0x00007ff98246d000 	C:\WINDOWS\System32\msvcp_win.dll
0x00007ff981f00000 - 0x00007ff982000000 	C:\WINDOWS\System32\ucrtbase.dll
0x0000000056410000 - 0x00000000564e2000 	C:\Program Files\Java\jdk1.8.0_111\bin\MSVCR100.dll
0x00007ff9761c0000 - 0x00007ff97645b000 	C:\WINDOWS\WinSxS\amd64_microsoft.windows.common-controls_6595b64144ccf1df_6.0.19041.488_none_ca04af081b815d21\COMCTL32.dll
0x00007ff983d80000 - 0x00007ff983db0000 	C:\WINDOWS\System32\IMM32.DLL
0x0000000058770000 - 0x0000000058842000 	C:\Program Files\Java\jdk1.8.0_111\jre\bin\msvcr100.dll
0x0000000058850000 - 0x00000000590ea000 	C:\Program Files\Java\jdk1.8.0_111\jre\bin\server\jvm.dll
0x00007ff983830000 - 0x00007ff983838000 	C:\WINDOWS\System32\PSAPI.DLL
0x00007ff97d450000 - 0x00007ff97d459000 	C:\WINDOWS\SYSTEM32\WSOCK32.dll
0x00007ff983db0000 - 0x00007ff983e1b000 	C:\WINDOWS\System32\WS2_32.dll
0x00007ff978e40000 - 0x00007ff978e67000 	C:\WINDOWS\SYSTEM32\WINMM.dll
0x00007ff978e70000 - 0x00007ff978e7a000 	C:\WINDOWS\SYSTEM32\VERSION.dll
0x00000000594b0000 - 0x00000000594bf000 	C:\Program Files\Java\jdk1.8.0_111\jre\bin\verify.dll
0x0000000058700000 - 0x0000000058729000 	C:\Program Files\Java\jdk1.8.0_111\jre\bin\java.dll
0x0000000059490000 - 0x00000000594a6000 	C:\Program Files\Java\jdk1.8.0_111\jre\bin\zip.dll
0x00007ff982aa0000 - 0x00007ff9831e1000 	C:\WINDOWS\System32\SHELL32.dll
0x00007ff97fd70000 - 0x00007ff980505000 	C:\WINDOWS\SYSTEM32\windows.storage.dll
0x00007ff982690000 - 0x00007ff9829e5000 	C:\WINDOWS\System32\combase.dll
0x00007ff9815a0000 - 0x00007ff9815cc000 	C:\WINDOWS\SYSTEM32\Wldp.dll
0x00007ff9829f0000 - 0x00007ff982a9e000 	C:\WINDOWS\System32\SHCORE.dll
0x00007ff9840f0000 - 0x00007ff984145000 	C:\WINDOWS\System32\shlwapi.dll
0x00007ff981b30000 - 0x00007ff981b56000 	C:\WINDOWS\SYSTEM32\profapi.dll

VM Arguments:
jvm_args: -Dapplication.home=C:\Program Files\Java\jdk1.8.0_111 -Xms8m 
java_command: com.sun.tools.javac.Main -d C:\Users\Nicolas\Desktop\Nueva carpeta\SoftwareRunners\UniversityRestaurant\06-Code\University Restaurant Control System\build\classes -classpath C:\Users\Nicolas\Desktop\Nueva carpeta\SoftwareRunners\UniversityRestaurant\06-Code\University Restaurant Control System\build\classes;C:\Users\Nicolas\Desktop\Nueva carpeta\SoftwareRunners\UniversityRestaurant\06-Code\University Restaurant Control System\Lib\gson-2.8.6.jar;C:\Users\Nicolas\Desktop\Nueva carpeta\SoftwareRunners\UniversityRestaurant\06-Code\University Restaurant Control System FileManager\FileManagerDB 2.0\Lib\mongo-java-driver-3.12.7.jar;C:\Users\Nicolas\Desktop\Nueva carpeta\SoftwareRunners\UniversityRestaurant\06-Code\University Restaurant Control System FileManager\dist\FileManager_1.4.jar;C:\Users\Nicolas\Desktop\Nueva carpeta\SoftwareRunners\UniversityRestaurant\06-Code\University Restaurant Control System\Lib\FileManagerDB_2.0.jar -sourcepath C:\Users\Nicolas\Desktop\Nueva carpeta\SoftwareRunners\UniversityRestaurant\06-Code\University Restaurant Control System\src -target 1.8 -encoding UTF-8 -g -processorpath C:\Users\Nicolas\Desktop\Nueva carpeta\SoftwareRunners\UniversityRestaurant\06-Code\University Restaurant Control System\Lib\gson-2.8.6.jar;C:\Users\Nicolas\Desktop\Nueva carpeta\SoftwareRunners\UniversityRestaurant\06-Code\University Restaurant Control System FileManager\FileManagerDB 2.0\Lib\mongo-java-driver-3.12.7.jar;C:\Users\Nicolas\Desktop\Nueva carpeta\SoftwareRunners\UniversityRestaurant\06-Code\University Restaurant Control System FileManager\dist\FileManager_1.4.jar;C:\Users\Nicolas\Desktop\Nueva carpeta\SoftwareRunners\UniversityRestaurant\06-Code\University Restaurant Control System\Lib\FileManagerDB_2.0.jar;C:\Users\Nicolas\Desktop\Nueva carpeta\SoftwareRunners\UniversityRestaurant\06-Code\University Restaurant Control System\build\empty -s C:\Users\Nicolas\Desktop\Nueva carpeta\SoftwareRunners\UniversityRestaurant\06-Code\University Res
java_class_path (initial): C:\Program Files\Java\jdk1.8.0_111/lib/tools.jar;C:\Program Files\Java\jdk1.8.0_111/classes
Launcher Type: SUN_STANDARD

Environment Variables:
PATH=C:\Program Files (x86)\Common Files\Oracle\Java\javapath;C:\WINDOWS\system32;C:\WINDOWS;C:\WINDOWS\System32\Wbem;C:\WINDOWS\System32\WindowsPowerShell\v1.0\;c:\Program Files (x86)\ATI Technologies\ATI.ACE\Core-Static;C:\Program Files (x86)\Windows Live\Shared;C:\WINDOWS\System32\OpenSSH\;C:\Program Files\Git\cmd;C:\Program Files\MongoDB\Server\4.4\bin;C:\Users\Nicolas\AppData\Local\Programs\Microsoft VS Code\bin
USERNAME=Nicolas
OS=Windows_NT
PROCESSOR_IDENTIFIER=AMD64 Family 22 Model 0 Stepping 1, AuthenticAMD



---------------  S Y S T E M  ---------------

OS: Windows 10.0 , 64 bit Build 19041 (10.0.19041.546)

CPU:total 2 (2 cores per cpu, 1 threads per core) family 22 model 0 stepping 1, cmov, cx8, fxsr, mmx, sse, sse2, sse3, ssse3, sse4.1, sse4.2, popcnt, avx, aes, clmul, mmxext, 3dnowpref, lzcnt, sse4a, tsc, tscinvbit, tscinv, bmi1

Memory: 4k page, physical 7820788k(1699236k free), swap 12015092k(5124k free)

vm_info: Java HotSpot(TM) 64-Bit Server VM (25.111-b14) for windows-amd64 JRE (1.8.0_111-b14), built on Sep 22 2016 19:24:05 by "java_re" with MS VC++ 10.0 (VS2010)

time: Wed Mar 03 10:06:37 2021
elapsed time: 12 seconds (0d 0h 0m 12s)

