#
# There is insufficient memory for the Java Runtime Environment to continue.
# Native memory allocation (malloc) failed to allocate 38896 bytes for Chunk::new
# Possible reasons:
#   The system is out of physical RAM or swap space
#   In 32 bit mode, the process size limit was hit
# Possible solutions:
#   Reduce memory load on the system
#   Increase physical memory or swap space
#   Check if swap backing store is full
#   Use 64 bit Java on a 64 bit OS
#   Decrease Java heap size (-Xmx/-Xms)
#   Decrease number of Java threads
#   Decrease Java thread stack sizes (-Xss)
#   Set larger code cache with -XX:ReservedCodeCacheSize=
# This output file may be truncated or incomplete.
#
#  Out of Memory Error (allocation.cpp:390), pid=15800, tid=0x0000000000000268
#
# JRE version: Java(TM) SE Runtime Environment (8.0_111-b14) (build 1.8.0_111-b14)
# Java VM: Java HotSpot(TM) 64-Bit Server VM (25.111-b14 mixed mode windows-amd64 compressed oops)
# Failed to write core dump. Minidumps are not enabled by default on client versions of Windows
#

---------------  T H R E A D  ---------------

Current thread (0x0000000016aa9000):  JavaThread "C2 CompilerThread0" daemon [_thread_in_native, id=616, stack(0x0000000017b40000,0x0000000017c40000)]

Stack: [0x0000000017b40000,0x0000000017c40000]
[error occurred during error reporting (printing stack bounds), id 0xc0000005]

Native frames: (J=compiled Java code, j=interpreted, Vv=VM code, C=native code)


Current CompileTask:
C2: 898668 2321       4       org.bson.io.OutputBuffer::writeCharacters (273 bytes)


---------------  P R O C E S S  ---------------

Java Threads: ( => current thread )
  0x000000001825d800 JavaThread "cluster-ClusterId{value='603fa533a542ea35d41b9776', description='null'}-clustercristian-shard-00-00.rq2r6.mongodb.net:27017" daemon [_thread_blocked, id=8128, stack(0x000000001f590000,0x000000001f690000)]
  0x000000001825d000 JavaThread "cluster-ClusterId{value='603fa533a542ea35d41b9776', description='null'}-clustercristian-shard-00-02.rq2r6.mongodb.net:27017" daemon [_thread_in_native, id=12784, stack(0x000000001f490000,0x000000001f590000)]
  0x000000001e337000 JavaThread "cluster-ClusterId{value='603fa533a542ea35d41b9776', description='null'}-clustercristian-shard-00-01.rq2r6.mongodb.net:27017" daemon [_thread_blocked, id=6560, stack(0x000000001f390000,0x000000001f490000)]
  0x00000000182b1000 JavaThread "CleanCursors-1-thread-1" daemon [_thread_blocked, id=13388, stack(0x000000001f090000,0x000000001f190000)]
  0x000000001e3cc000 JavaThread "Thread-3" daemon [_thread_in_native, id=14532, stack(0x000000001ec90000,0x000000001ed90000)]
  0x00000000024e1000 JavaThread "DestroyJavaVM" [_thread_blocked, id=12340, stack(0x0000000002370000,0x0000000002470000)]
  0x0000000018420800 JavaThread "AWT-EventQueue-0" [_thread_blocked, id=2712, stack(0x0000000018f30000,0x0000000019030000)]
  0x000000001841f800 JavaThread "AWT-Shutdown" [_thread_blocked, id=6312, stack(0x00000000185b0000,0x00000000186b0000)]
  0x0000000018407000 JavaThread "AWT-Windows" daemon [_thread_in_native, id=12208, stack(0x00000000186b0000,0x00000000187b0000)]
  0x0000000018405800 JavaThread "Java2D Disposer" daemon [_thread_blocked, id=13332, stack(0x00000000184b0000,0x00000000185b0000)]
  0x0000000016b0b800 JavaThread "Service Thread" daemon [_thread_blocked, id=9736, stack(0x0000000017d40000,0x0000000017e40000)]
  0x0000000016ab0000 JavaThread "C1 CompilerThread1" daemon [_thread_blocked, id=6288, stack(0x0000000017c40000,0x0000000017d40000)]
=>0x0000000016aa9000 JavaThread "C2 CompilerThread0" daemon [_thread_in_native, id=616, stack(0x0000000017b40000,0x0000000017c40000)]
  0x0000000016aa7800 JavaThread "Attach Listener" daemon [_thread_blocked, id=12832, stack(0x0000000017a40000,0x0000000017b40000)]
  0x0000000016aa4000 JavaThread "Signal Dispatcher" daemon [_thread_blocked, id=3464, stack(0x0000000017940000,0x0000000017a40000)]
  0x0000000016a98800 JavaThread "Finalizer" daemon [_thread_blocked, id=14352, stack(0x0000000017710000,0x0000000017810000)]
  0x00000000025cd000 JavaThread "Reference Handler" daemon [_thread_blocked, id=11388, stack(0x0000000017610000,0x0000000017710000)]

Other Threads:
  0x0000000016a76800 VMThread [stack: 0x0000000017510000,0x0000000017610000] [id=15760]
  0x0000000016b1b800 WatcherThread [stack: 0x0000000017fb0000,0x00000000180b0000] [id=13752]

VM state:not at safepoint (normal execution)

VM Mutex/Monitor currently owned by a thread: None

Heap:
 PSYoungGen      total 35840K, used 27938K [0x00000000d8380000, 0x00000000dab80000, 0x0000000100000000)
  eden space 30720K, 74% used [0x00000000d8380000,0x00000000d99cd050,0x00000000da180000)
  from space 5120K, 99% used [0x00000000da180000,0x00000000da67b850,0x00000000da680000)
  to   space 5120K, 0% used [0x00000000da680000,0x00000000da680000,0x00000000dab80000)
 ParOldGen       total 81920K, used 1807K [0x0000000088a00000, 0x000000008da00000, 0x00000000d8380000)
  object space 81920K, 2% used [0x0000000088a00000,0x0000000088bc3ee0,0x000000008da00000)
 Metaspace       used 20149K, capacity 20442K, committed 20864K, reserved 1067008K
  class space    used 2490K, capacity 2599K, committed 2688K, reserved 1048576K

Card table byte_map: [0x00000000119a0000,0x0000000011d60000] byte_map_base: 0x000000001155b000

Marking Bits: (ParMarkBitMap*) 0x000000005906a6c0
 Begin Bits: [0x00000000121e0000, 0x0000000013fb8000)
 End Bits:   [0x0000000013fb8000, 0x0000000015d90000)

Polling page: 0x0000000002470000

CodeCache: size=245760Kb used=6620Kb max_used=6620Kb free=239139Kb
 bounds [0x00000000025e0000, 0x0000000002c60000, 0x00000000115e0000]
 total_blobs=2735 nmethods=2178 adapters=470
 compilation: enabled

Compilation events (10 events):
Event: 888.415 Thread 0x0000000016ab0000 nmethod 2316 0x0000000002c5c950 code [0x0000000002c5caa0, 0x0000000002c5cbf0]
Event: 888.525 Thread 0x0000000016ab0000 2317       3       com.mongodb.internal.connection.AbstractMultiServerCluster::addHostsToSet (47 bytes)
Event: 888.527 Thread 0x0000000016ab0000 nmethod 2317 0x0000000002c5cc90 code [0x0000000002c5ce60, 0x0000000002c5d5a8]
Event: 898.277 Thread 0x0000000016ab0000 2318       3       com.mongodb.TagSet::equals (49 bytes)
Event: 898.278 Thread 0x0000000016ab0000 nmethod 2318 0x0000000002c5d890 code [0x0000000002c5da20, 0x0000000002c5df88]
Event: 898.278 Thread 0x0000000016ab0000 2319       3       java.util.Collections$UnmodifiableList::equals (24 bytes)
Event: 898.279 Thread 0x0000000016ab0000 nmethod 2319 0x0000000002c5e0d0 code [0x0000000002c5e240, 0x0000000002c5e4e8]
Event: 898.279 Thread 0x0000000016ab0000 2320       3       java.util.ArrayList::listIterator (10 bytes)
Event: 898.280 Thread 0x0000000016ab0000 nmethod 2320 0x0000000002c5e590 code [0x0000000002c5e700, 0x0000000002c5ea70]
Event: 898.556 Thread 0x0000000016aa9000 2321       4       org.bson.io.OutputBuffer::writeCharacters (273 bytes)

GC Heap History (2 events):
Event: 23.542 GC heap before
{Heap before GC invocations=1 (full 0):
 PSYoungGen      total 35840K, used 30720K [0x00000000d8380000, 0x00000000dab80000, 0x0000000100000000)
  eden space 30720K, 100% used [0x00000000d8380000,0x00000000da180000,0x00000000da180000)
  from space 5120K, 0% used [0x00000000da680000,0x00000000da680000,0x00000000dab80000)
  to   space 5120K, 0% used [0x00000000da180000,0x00000000da180000,0x00000000da680000)
 ParOldGen       total 81920K, used 0K [0x0000000088a00000, 0x000000008da00000, 0x00000000d8380000)
  object space 81920K, 0% used [0x0000000088a00000,0x0000000088a00000,0x000000008da00000)
 Metaspace       used 17765K, capacity 18082K, committed 18304K, reserved 1064960K
  class space    used 2254K, capacity 2371K, committed 2432K, reserved 1048576K
Event: 23.590 GC heap after
Heap after GC invocations=1 (full 0):
 PSYoungGen      total 35840K, used 5102K [0x00000000d8380000, 0x00000000dab80000, 0x0000000100000000)
  eden space 30720K, 0% used [0x00000000d8380000,0x00000000d8380000,0x00000000da180000)
  from space 5120K, 99% used [0x00000000da180000,0x00000000da67b850,0x00000000da680000)
  to   space 5120K, 0% used [0x00000000da680000,0x00000000da680000,0x00000000dab80000)
 ParOldGen       total 81920K, used 1807K [0x0000000088a00000, 0x000000008da00000, 0x00000000d8380000)
  object space 81920K, 2% used [0x0000000088a00000,0x0000000088bc3ee0,0x000000008da00000)
 Metaspace       used 17765K, capacity 18082K, committed 18304K, reserved 1064960K
  class space    used 2254K, capacity 2371K, committed 2432K, reserved 1048576K
}

Deoptimization events (10 events):
Event: 17.932 Thread 0x000000001e337000 Uncommon trap: reason=unstable_if action=reinterpret pc=0x000000000289995c method=java.lang.CharacterDataLatin1.digit(II)I @ 82
Event: 17.932 Thread 0x000000001825d800 Uncommon trap: reason=unstable_if action=reinterpret pc=0x000000000289995c method=java.lang.CharacterDataLatin1.digit(II)I @ 82
Event: 17.935 Thread 0x000000001825d000 Uncommon trap: reason=unstable_if action=reinterpret pc=0x0000000002897a94 method=java.lang.CharacterDataLatin1.digit(II)I @ 82
Event: 18.750 Thread 0x000000001825d800 Uncommon trap: reason=unstable_if action=reinterpret pc=0x00000000028d1850 method=java.io.ByteArrayInputStream.read()I @ 8
Event: 24.032 Thread 0x000000001825d800 Uncommon trap: reason=unstable_if action=reinterpret pc=0x00000000027d9108 method=java.util.Arrays.equals([B[B)Z @ 12
Event: 24.901 Thread 0x000000001825d800 Uncommon trap: reason=unstable_if action=reinterpret pc=0x000000000293f86c method=java.lang.String.indexOf([CII[CIII)I @ 27
Event: 25.160 Thread 0x000000001e337000 Uncommon trap: reason=predicate action=maybe_recompile pc=0x000000000286bc48 method=java.util.regex.Pattern$SliceI.match(Ljava/util/regex/Matcher;ILjava/lang/CharSequence;)Z @ 21
Event: 27.699 Thread 0x0000000018420800 Uncommon trap: reason=unstable_if action=reinterpret pc=0x0000000002986a40 method=sun.nio.cs.UTF_8$Decoder.decode([BII[C)I @ 30
Event: 29.358 Thread 0x0000000018420800 Uncommon trap: reason=class_check action=maybe_recompile pc=0x000000000276c2e8 method=java.lang.String.equals(Ljava/lang/Object;)Z @ 8
Event: 29.363 Thread 0x0000000018420800 Uncommon trap: reason=class_check action=maybe_recompile pc=0x000000000276c2e8 method=java.lang.String.equals(Ljava/lang/Object;)Z @ 8

Internal exceptions (10 events):
Event: 5.278 Thread 0x00000000024e1000 Exception <a 'java/lang/ClassNotFoundException': ToolBarSeparator> (0x00000000d878ec20) thrown at [C:\re\workspace\8-2-build-windows-amd64-cygwin\jdk8u111\7883\hotspot\src\share\vm\classfile\systemDictionary.cpp, line 210]
Event: 5.279 Thread 0x00000000024e1000 Exception <a 'java/lang/ClassNotFoundException': ToolTip> (0x00000000d878f360) thrown at [C:\re\workspace\8-2-build-windows-amd64-cygwin\jdk8u111\7883\hotspot\src\share\vm\classfile\systemDictionary.cpp, line 210]
Event: 5.292 Thread 0x00000000024e1000 Exception <a 'java/lang/ClassNotFoundException': Tree> (0x00000000d878ff80) thrown at [C:\re\workspace\8-2-build-windows-amd64-cygwin\jdk8u111\7883\hotspot\src\share\vm\classfile\systemDictionary.cpp, line 210]
Event: 5.292 Thread 0x00000000024e1000 Exception <a 'java/lang/ClassNotFoundException': Tree> (0x00000000d87906c0) thrown at [C:\re\workspace\8-2-build-windows-amd64-cygwin\jdk8u111\7883\hotspot\src\share\vm\classfile\systemDictionary.cpp, line 210]
Event: 5.292 Thread 0x00000000024e1000 Exception <a 'java/lang/ClassNotFoundException': javax/swing/JTreeCell> (0x00000000d8790a40) thrown at [C:\re\workspace\8-2-build-windows-amd64-cygwin\jdk8u111\7883\hotspot\src\share\vm\classfile\systemDictionary.cpp, line 210]
Event: 5.293 Thread 0x00000000024e1000 Exception <a 'java/lang/ClassNotFoundException': TreeCell> (0x00000000d8790ec8) thrown at [C:\re\workspace\8-2-build-windows-amd64-cygwin\jdk8u111\7883\hotspot\src\share\vm\classfile\systemDictionary.cpp, line 210]
Event: 5.308 Thread 0x00000000024e1000 Exception <a 'java/lang/ClassNotFoundException': RootPane> (0x00000000d8791928) thrown at [C:\re\workspace\8-2-build-windows-amd64-cygwin\jdk8u111\7883\hotspot\src\share\vm\classfile\systemDictionary.cpp, line 210]
Event: 9.864 Thread 0x0000000018420800 Exception <a 'java/io/FileNotFoundException'> (0x00000000d8e88028) thrown at [C:\re\workspace\8-2-build-windows-amd64-cygwin\jdk8u111\7883\hotspot\src\share\vm\prims\jni.cpp, line 709]
Event: 24.031 Thread 0x000000001825d800 Implicit null exception at 0x00000000027d8f78 to 0x00000000027d90f5
Event: 29.164 Thread 0x0000000018420800 Exception <a 'java/util/NoSuchElementException'> (0x00000000d8f89b98) thrown at [C:\re\workspace\8-2-build-windows-amd64-cygwin\jdk8u111\7883\hotspot\src\share\vm\prims\jvm.cpp, line 1390]

Events (10 events):
Event: 746.565 Thread 0x0000000016ab0000 flushing nmethod 0x00000000029bafd0
Event: 746.565 Thread 0x0000000016ab0000 flushing nmethod 0x00000000029ca350
Event: 746.688 Thread 0x0000000016ab0000 flushing nmethod 0x0000000002a172d0
Event: 746.688 Thread 0x0000000016ab0000 flushing nmethod 0x0000000002a48990
Event: 746.688 Thread 0x0000000016ab0000 flushing nmethod 0x0000000002a490d0
Event: 746.688 Thread 0x0000000016ab0000 flushing nmethod 0x0000000002a4aad0
Event: 746.688 Thread 0x0000000016ab0000 flushing nmethod 0x0000000002a4c910
Event: 746.688 Thread 0x0000000016ab0000 flushing nmethod 0x0000000002a4d610
Event: 867.769 Thread 0x000000001825d800 DEOPT PACKING pc=0x0000000002b96114 sp=0x000000001f68e7e0
Event: 867.769 Thread 0x000000001825d800 DEOPT UNPACKING pc=0x000000000262747f sp=0x000000001f68e4e8 mode 0


Dynamic libraries:
0x00007ff6bb9e0000 - 0x00007ff6bba17000 	C:\Program Files\Java\jdk1.8.0_111\jre\bin\java.exe
0x00007ff9843d0000 - 0x00007ff9845c6000 	C:\WINDOWS\SYSTEM32\ntdll.dll
0x00007ff983910000 - 0x00007ff9839cd000 	C:\WINDOWS\System32\KERNEL32.DLL
0x00007ff982100000 - 0x00007ff9823c8000 	C:\WINDOWS\System32\KERNELBASE.dll
0x00007ff982560000 - 0x00007ff98260c000 	C:\WINDOWS\System32\ADVAPI32.dll
0x00007ff9831f0000 - 0x00007ff98328e000 	C:\WINDOWS\System32\msvcrt.dll
0x00007ff9842e0000 - 0x00007ff98437b000 	C:\WINDOWS\System32\sechost.dll
0x00007ff9841b0000 - 0x00007ff9842d4000 	C:\WINDOWS\System32\RPCRT4.dll
0x00007ff983a50000 - 0x00007ff983bf0000 	C:\WINDOWS\System32\USER32.dll
0x00007ff982080000 - 0x00007ff9820a2000 	C:\WINDOWS\System32\win32u.dll
0x00007ff982530000 - 0x00007ff98255a000 	C:\WINDOWS\System32\GDI32.dll
0x00007ff981c00000 - 0x00007ff981d09000 	C:\WINDOWS\System32\gdi32full.dll
0x00007ff9823d0000 - 0x00007ff98246d000 	C:\WINDOWS\System32\msvcp_win.dll
0x00007ff981f00000 - 0x00007ff982000000 	C:\WINDOWS\System32\ucrtbase.dll
0x00007ff9761c0000 - 0x00007ff97645b000 	C:\WINDOWS\WinSxS\amd64_microsoft.windows.common-controls_6595b64144ccf1df_6.0.19041.488_none_ca04af081b815d21\COMCTL32.dll
0x00007ff983d80000 - 0x00007ff983db0000 	C:\WINDOWS\System32\IMM32.DLL
0x0000000058770000 - 0x0000000058842000 	C:\Program Files\Java\jdk1.8.0_111\jre\bin\msvcr100.dll
0x0000000058850000 - 0x00000000590ea000 	C:\Program Files\Java\jdk1.8.0_111\jre\bin\server\jvm.dll
0x00007ff983830000 - 0x00007ff983838000 	C:\WINDOWS\System32\PSAPI.DLL
0x00007ff97d450000 - 0x00007ff97d459000 	C:\WINDOWS\SYSTEM32\WSOCK32.dll
0x00007ff983db0000 - 0x00007ff983e1b000 	C:\WINDOWS\System32\WS2_32.dll
0x00007ff978e70000 - 0x00007ff978e7a000 	C:\WINDOWS\SYSTEM32\VERSION.dll
0x00007ff978e40000 - 0x00007ff978e67000 	C:\WINDOWS\SYSTEM32\WINMM.dll
0x00000000594b0000 - 0x00000000594bf000 	C:\Program Files\Java\jdk1.8.0_111\jre\bin\verify.dll
0x0000000058700000 - 0x0000000058729000 	C:\Program Files\Java\jdk1.8.0_111\jre\bin\java.dll
0x0000000059490000 - 0x00000000594a6000 	C:\Program Files\Java\jdk1.8.0_111\jre\bin\zip.dll
0x00007ff982aa0000 - 0x00007ff9831e1000 	C:\WINDOWS\System32\SHELL32.dll
0x00007ff97fd70000 - 0x00007ff980505000 	C:\WINDOWS\SYSTEM32\windows.storage.dll
0x00007ff982690000 - 0x00007ff9829e5000 	C:\WINDOWS\System32\combase.dll
0x00007ff9815a0000 - 0x00007ff9815cc000 	C:\WINDOWS\SYSTEM32\Wldp.dll
0x00007ff9829f0000 - 0x00007ff982a9e000 	C:\WINDOWS\System32\SHCORE.dll
0x00007ff9840f0000 - 0x00007ff984145000 	C:\WINDOWS\System32\shlwapi.dll
0x00007ff981b30000 - 0x00007ff981b56000 	C:\WINDOWS\SYSTEM32\profapi.dll
0x0000000058520000 - 0x00000000586b8000 	C:\Program Files\Java\jdk1.8.0_111\jre\bin\awt.dll
0x00007ff983840000 - 0x00007ff98390d000 	C:\WINDOWS\System32\OLEAUT32.dll
0x00007ff97f5b0000 - 0x00007ff97f640000 	C:\WINDOWS\SYSTEM32\apphelp.dll
0x00007ff97f690000 - 0x00007ff97f72e000 	C:\WINDOWS\system32\uxtheme.dll
0x00007ff983e20000 - 0x00007ff983f35000 	C:\WINDOWS\System32\MSCTF.dll
0x00007ff983290000 - 0x00007ff9833ba000 	C:\WINDOWS\System32\ole32.dll
0x00007ff97fb70000 - 0x00007ff97fb82000 	C:\WINDOWS\SYSTEM32\kernel.appcore.dll
0x00007ff982000000 - 0x00007ff98207f000 	C:\WINDOWS\System32\bcryptPrimitives.dll
0x00007ff97f790000 - 0x00007ff97f7bf000 	C:\WINDOWS\system32\DWMAPI.DLL
0x00000000584d0000 - 0x0000000058517000 	C:\Program Files\Java\jdk1.8.0_111\jre\bin\fontmanager.dll
0x00007ff949370000 - 0x00007ff94953e000 	C:\WINDOWS\system32\d3d9.dll
0x00007ff9791d0000 - 0x00007ff979332000 	C:\WINDOWS\SYSTEM32\aticfx64.dll
0x00007ff978840000 - 0x00007ff978861000 	C:\WINDOWS\SYSTEM32\atiu9p64.dll
0x00007ff94c6f0000 - 0x00007ff94cf4a000 	C:\WINDOWS\SYSTEM32\atiumd64.dll
0x000000005a140000 - 0x000000005a9c6000 	C:\WINDOWS\SYSTEM32\atiumd6a.dll
0x00007ff981a60000 - 0x00007ff981aab000 	C:\WINDOWS\SYSTEM32\POWRPROF.dll
0x00007ff981a40000 - 0x00007ff981a52000 	C:\WINDOWS\SYSTEM32\UMPDC.dll
0x00007ff97b110000 - 0x00007ff97b14b000 	C:\WINDOWS\SYSTEM32\dxcore.dll
0x00007ff9820b0000 - 0x00007ff9820fe000 	C:\WINDOWS\System32\cfgmgr32.dll
0x00000000586e0000 - 0x00000000586fa000 	C:\Program Files\Java\jdk1.8.0_111\jre\bin\net.dll
0x00007ff981320000 - 0x00007ff98138a000 	C:\WINDOWS\system32\mswsock.dll
0x00000000586c0000 - 0x00000000586d1000 	C:\Program Files\Java\jdk1.8.0_111\jre\bin\nio.dll
0x0000000058480000 - 0x00000000584c2000 	C:\Program Files\Java\jdk1.8.0_111\jre\bin\t2k.dll
0x00007ff981010000 - 0x00007ff98104b000 	C:\WINDOWS\SYSTEM32\IPHLPAPI.DLL
0x00007ff984380000 - 0x00007ff984388000 	C:\WINDOWS\System32\NSI.dll
0x00007ff9790a0000 - 0x00007ff9790bd000 	C:\WINDOWS\SYSTEM32\dhcpcsvc.DLL
0x00007ff981500000 - 0x00007ff981518000 	C:\WINDOWS\SYSTEM32\CRYPTSP.dll
0x00007ff980cb0000 - 0x00007ff980ce4000 	C:\WINDOWS\system32\rsaenh.dll
0x00007ff981d70000 - 0x00007ff981d97000 	C:\WINDOWS\System32\bcrypt.dll
0x00007ff981ab0000 - 0x00007ff981ade000 	C:\WINDOWS\SYSTEM32\USERENV.dll
0x00007ff9814f0000 - 0x00007ff9814fc000 	C:\WINDOWS\SYSTEM32\CRYPTBASE.dll
0x00007ff977d50000 - 0x00007ff977d67000 	C:\WINDOWS\SYSTEM32\dhcpcsvc6.DLL
0x00007ff981050000 - 0x00007ff98111b000 	C:\WINDOWS\SYSTEM32\DNSAPI.dll
0x0000000058410000 - 0x0000000058434000 	C:\Program Files\Java\jdk1.8.0_111\jre\bin\sunec.dll
0x00007ff970f60000 - 0x00007ff970f6a000 	C:\Windows\System32\rasadhlp.dll
0x00007ff976af0000 - 0x00007ff976b6f000 	C:\WINDOWS\System32\fwpuclnt.dll
0x0000000058400000 - 0x000000005840b000 	C:\Program Files\Java\jdk1.8.0_111\jre\bin\sunmscapi.dll
0x00007ff981da0000 - 0x00007ff981efd000 	C:\WINDOWS\System32\CRYPT32.dll

VM Arguments:
jvm_args: -Dfile.encoding=UTF-8 
java_command: ec.edu.espe.UniversityRestaurantCapacitySystem.view.ShowCostumer
java_class_path (initial): C:\Users\Nicolas\Desktop\Nueva carpeta\SoftwareRunners\UniversityRestaurant\06-Code\University Restaurant Control System\Lib\gson-2.8.6.jar;C:\Users\Nicolas\Desktop\Nueva carpeta\SoftwareRunners\UniversityRestaurant\06-Code\University Restaurant Control System FileManager\FileManagerDB 2.0\Lib\mongo-java-driver-3.12.7.jar;C:\Users\Nicolas\Desktop\Nueva carpeta\SoftwareRunners\UniversityRestaurant\06-Code\University Restaurant Control System FileManager\dist\FileManager_1.4.jar;C:\Users\Nicolas\Desktop\Nueva carpeta\SoftwareRunners\UniversityRestaurant\06-Code\University Restaurant Control System\Lib\FileManagerDB_2.0.jar;C:\Users\Nicolas\Desktop\Nueva carpeta\SoftwareRunners\UniversityRestaurant\06-Code\University Restaurant Control System\build\classes
Launcher Type: SUN_STANDARD

Environment Variables:
PATH=C:\Program Files (x86)\Common Files\Oracle\Java\javapath;C:\WINDOWS\system32;C:\WINDOWS;C:\WINDOWS\System32\Wbem;C:\WINDOWS\System32\WindowsPowerShell\v1.0\;c:\Program Files (x86)\ATI Technologies\ATI.ACE\Core-Static;C:\Program Files (x86)\Windows Live\Shared;C:\WINDOWS\System32\OpenSSH\;C:\Program Files\Git\cmd;C:\Program Files\MongoDB\Server\4.4\bin;C:\Users\Nicolas\AppData\Local\Programs\Microsoft VS Code\bin
USERNAME=Nicolas
OS=Windows_NT
PROCESSOR_IDENTIFIER=AMD64 Family 22 Model 0 Stepping 1, AuthenticAMD



---------------  S Y S T E M  ---------------

OS: Windows 10.0 , 64 bit Build 19041 (10.0.19041.546)

CPU:total 2 (2 cores per cpu, 1 threads per core) family 22 model 0 stepping 1, cmov, cx8, fxsr, mmx, sse, sse2, sse3, ssse3, sse4.1, sse4.2, popcnt, avx, aes, clmul, mmxext, 3dnowpref, lzcnt, sse4a, tsc, tscinvbit, tscinv, bmi1

Memory: 4k page, physical 7820788k(1872384k free), swap 12015092k(4544k free)

vm_info: Java HotSpot(TM) 64-Bit Server VM (25.111-b14) for windows-amd64 JRE (1.8.0_111-b14), built on Sep 22 2016 19:24:05 by "java_re" with MS VC++ 10.0 (VS2010)

time: Wed Mar 03 10:17:59 2021
elapsed time: 898 seconds (0d 0h 14m 58s)

